


ARM Macro Assembler    Page 1 


    1 00000000         
    2 00000000         ; //////////////////////////////////////////////////////
                       //////////////////////////
    3 00000000         ; /// @file     startup_mm32_keil.s
    4 00000000         ; /// @author   AE TEAM
    5 00000000         ; /// @brief    THIS FILE PROVIDES ALL THE Device Startu
                       p File of MM32 Cortex-M
    6 00000000         ; ///           Core Device for ARM KEIL toolchain.
    7 00000000         ; //////////////////////////////////////////////////////
                       //////////////////////////
    8 00000000         ; /// @attention
    9 00000000         ; ///
   10 00000000         ; /// THE EXISTING FIRMWARE IS ONLY FOR REFERENCE, WHICH
                        IS DESIGNED TO PROVIDE
   11 00000000         ; /// CUSTOMERS WITH CODING INFORMATION ABOUT THEIR PROD
                       UCTS SO THEY CAN SAVE
   12 00000000         ; /// TIME. THEREFORE, MINDMOTION SHALL NOT BE LIABLE FO
                       R ANY DIRECT, INDIRECT OR
   13 00000000         ; /// CONSEQUENTIAL DAMAGES ABOUT ANY CLAIMS ARISING OUT
                        OF THE CONTENT OF SUCH
   14 00000000         ; /// HARDWARE AND/OR THE USE OF THE CODING INFORMATION 
                       CONTAINED HEREIN IN
   15 00000000         ; /// CONNECTION WITH PRODUCTS MADE BY CUSTOMERS.
   16 00000000         ; ///
   17 00000000         ; /// <H2><CENTER>&COPY; COPYRIGHT MINDMOTION </CENTER><
                       /H2>
   18 00000000         ; //////////////////////////////////////////////////////
                       ////////////////////////
   19 00000000         ;
   20 00000000         ; Amount of memory (in bytes) allocated for Stack
   21 00000000         ; Tailor this value to your application needs
   22 00000000         ; <h> Stack Configuration
   23 00000000         ;   <o> Stack Size (in Bytes) <0x0-0xFFFFFFFF:8>
   24 00000000         ; </h>
   25 00000000         
   26 00000000 00000400 
                       Stack_Size
                               EQU              0x00000400
   27 00000000         
   28 00000000                 AREA             STACK, NOINIT, READWRITE, ALIGN
=3
   29 00000000         Stack_Mem
                               SPACE            Stack_Size
   30 00000400         __initial_sp
   31 00000400         
   32 00000400         
   33 00000400         ; <h> Heap Configuration
   34 00000400         ;   <o>  Heap Size (in Bytes) <0x0-0xFFFFFFFF:8>
   35 00000400         ; </h>
   36 00000400         
   37 00000400 00000200 
                       Heap_Size
                               EQU              0x00000200
   38 00000400         
   39 00000400                 AREA             HEAP, NOINIT, READWRITE, ALIGN=
3
   40 00000000         __heap_base
   41 00000000         Heap_Mem
                               SPACE            Heap_Size



ARM Macro Assembler    Page 2 


   42 00000200         __heap_limit
   43 00000200         
   44 00000200                 PRESERVE8
   45 00000200                 THUMB
   46 00000200         
   47 00000200         
   48 00000200         ; Vector Table Mapped to Address 0 at Reset
   49 00000200                 AREA             RESET, DATA, READONLY
   50 00000000                 EXPORT           __Vectors
   51 00000000                 EXPORT           __Vectors_End
   52 00000000                 EXPORT           __Vectors_Size
   53 00000000         
   54 00000000 00000000 
                       __Vectors
                               DCD              __initial_sp ;       Top of Sta
                                                            ck
   55 00000004 00000000        DCD              Reset_Handler ;       Reset Han
                                                            dler
   56 00000008 00000000        DCD              NMI_Handler ; -14   NMI Handler
                                                            
   57 0000000C 00000000        DCD              HardFault_Handler ; -13   Hard 
                                                            Fault Handler
   58 00000010 00000000        DCD              0           ; -12   Reserved
   59 00000014 00000000        DCD              0           ; -11   Reserved
   60 00000018 00000000        DCD              0           ; -10   Reserved
   61 0000001C         __vector_table_0x1c
   62 0000001C 00000000        DCD              0           ;  -9   Reserved
   63 00000020 00000000        DCD              0           ;  -8   Reserved
   64 00000024 00000000        DCD              0           ;  -7   Reserved
   65 00000028 00000000        DCD              0           ;  -6   Reserved
   66 0000002C 00000000        DCD              SVC_Handler ;  -5   SVCall Hand
                                                            ler
   67 00000030 00000000        DCD              0           ;  -4   Reserved
   68 00000034 00000000        DCD              0           ;  -3   Reserved
   69 00000038 00000000        DCD              PendSV_Handler ;  -2   PendSV H
                                                            andler
   70 0000003C 00000000        DCD              SysTick_Handler ;  -1   SysTick
                                                             Handler
   71 00000040         
   72 00000040         ; External Interrupts
   73 00000040 00000000        DCD              WWDG_IWDG_IRQHandler ;   0   Wi
                                                            ndow Watchdog
   74 00000044 00000000        DCD              PVD_VDT_IRQHandler ;   1   PVD 
                                                            through EXTI Line d
                                                            etect Handler
   75 00000048 00000000        DCD              0           ;   Reserved
   76 0000004C 00000000        DCD              FLASH_IRQHandler ;   3   FLASH
   77 00000050 00000000        DCD              RCC_IRQHandler ;   4   RCC
   78 00000054 00000000        DCD              EXTI0_1_IRQHandler ;   5   EXTI
                                                             Line 0 and 1
   79 00000058 00000000        DCD              EXTI2_3_IRQHandler ;   6   EXTI
                                                             Line 2 and 3
   80 0000005C 00000000        DCD              EXTI4_15_IRQHandler ;   7   EXT
                                                            I Line 4 to 15
   81 00000060 00000000        DCD              HWDIV_IRQHandler ;   8   HWDIV
   82 00000064 00000000        DCD              DMA1_Channel1_IRQHandler ;   9 
                                                              DMA1 Channel 1
   83 00000068 00000000        DCD              DMA1_Channel2_3_IRQHandler ;  1
                                                            0   DMA1 Channel 2 



ARM Macro Assembler    Page 3 


                                                            and Channel 3
   84 0000006C 00000000        DCD              DMA1_Channel4_5_IRQHandler ;  1
                                                            1   DMA1 Channel 4 
                                                            and Channel 5
   85 00000070 00000000        DCD              ADC_COMP_IRQHandler 
                                                            ;  12   ADC & COMP
   86 00000074 00000000        DCD              TIM1_BRK_UP_TRG_COM_IRQHandler 
                                                            ;  13   TIM1 Break,
                                                             Update, Trigger an
                                                            d Commutation
   87 00000078 00000000        DCD              TIM1_CC_IRQHandler ;  14   TIM1
                                                             Capture Compare
   88 0000007C 00000000        DCD              TIM2_IRQHandler ;  15   TIM2
   89 00000080 00000000        DCD              TIM3_IRQHandler ;  16   TIM3
   90 00000084 00000000        DCD              0           ;  17   Reserved
   91 00000088 00000000        DCD              0           ;  18   Reserved
   92 0000008C 00000000        DCD              TIM14_IRQHandler ;  19   TIM14
   93 00000090 00000000        DCD              0           ;  20   Reserved
   94 00000094 00000000        DCD              TIM16_IRQHandler ;  21   TIM16
   95 00000098 00000000        DCD              TIM17_IRQHandler ;  22   TIM17
   96 0000009C 00000000        DCD              I2C1_IRQHandler ;  23   I2C1
   97 000000A0 00000000        DCD              0           ;  24   Reserved
   98 000000A4 00000000        DCD              SPI1_IRQHandler ;  25   SPI1
   99 000000A8 00000000        DCD              SPI2_IRQHandler ;  26   SPI2
  100 000000AC 00000000        DCD              UART1_IRQHandler ;  27   UART1
  101 000000B0 00000000        DCD              UART2_IRQHandler ;  28   UART2
  102 000000B4 00000000        DCD              UART3_IRQHandler ;  29   UART3
  103 000000B8 00000000        DCD              FLEX_CAN_IRQHandler 
                                                            ;  30   FLEX_CAN
  104 000000BC 00000000        DCD              0           ;  31   Reserved
  105 000000C0         
  106 000000C0         ; Total Cortex-M0 32 Interrupts are setting
  107 000000C0         __Vectors_End
  108 000000C0 000000C0 
                       __Vectors_Size
                               EQU              __Vectors_End - __Vectors
  109 000000C0         
  110 000000C0                 AREA             |.text|, CODE, READONLY
  111 00000000         
  112 00000000         ; Reset handler routine
  113 00000000         Reset_Handler
                               PROC
  114 00000000                 EXPORT           Reset_Handler                  
[WEAK]
  115 00000000                 IMPORT           __main
  116 00000000                 IMPORT           SystemInit
  117 00000000         
  118 00000000         
  119 00000000 4806            LDR              R0, =__initial_sp 
                                                            ; set stack pointer
                                                            
  120 00000002 F380 8808       MSR              MSP, R0
  121 00000006         
  122 00000006         ApplicationStart
  123 00000006 4806            LDR              R0, =SystemInit
  124 00000008 4780            BLX              R0
  125 0000000A 4806            LDR              R0, =__main
  126 0000000C 4700            BX               R0
  127 0000000E                 ENDP



ARM Macro Assembler    Page 4 


  128 0000000E         
  129 0000000E         ; Dummy Exception Handlers (infinite loops which can be 
                       modified)
  130 0000000E         
  131 0000000E         NMI_Handler
                               PROC
  132 0000000E                 EXPORT           NMI_Handler                    
[WEAK]
  133 0000000E E7FE            B                .
  134 00000010                 ENDP
  136 00000010         HardFault_Handler
                               PROC
  137 00000010                 EXPORT           HardFault_Handler              
[WEAK]
  138 00000010 E7FE            B                .
  139 00000012                 ENDP
  140 00000012         SVC_Handler
                               PROC
  141 00000012                 EXPORT           SVC_Handler                    
[WEAK]
  142 00000012 E7FE            B                .
  143 00000014                 ENDP
  144 00000014         PendSV_Handler
                               PROC
  145 00000014                 EXPORT           PendSV_Handler                 
[WEAK]
  146 00000014 E7FE            B                .
  147 00000016                 ENDP
  148 00000016         SysTick_Handler
                               PROC
  149 00000016                 EXPORT           SysTick_Handler                
[WEAK]
  150 00000016 E7FE            B                .
  151 00000018                 ENDP
  152 00000018         
  153 00000018         Default_Handler
                               PROC
  154 00000018         
  155 00000018                 EXPORT           WWDG_IWDG_IRQHandler           
[WEAK]
  156 00000018                 EXPORT           PVD_VDT_IRQHandler             
[WEAK]
  157 00000018                 EXPORT           FLASH_IRQHandler               
[WEAK]
  158 00000018                 EXPORT           RCC_IRQHandler                 
[WEAK]
  159 00000018                 EXPORT           EXTI0_1_IRQHandler             
[WEAK]
  160 00000018                 EXPORT           EXTI2_3_IRQHandler             
[WEAK]
  161 00000018                 EXPORT           EXTI4_15_IRQHandler            
[WEAK]
  162 00000018                 EXPORT           HWDIV_IRQHandler               
[WEAK]
  163 00000018                 EXPORT           DMA1_Channel1_IRQHandler       
[WEAK]
  164 00000018                 EXPORT           DMA1_Channel2_3_IRQHandler     
[WEAK]
  165 00000018                 EXPORT           DMA1_Channel4_5_IRQHandler     



ARM Macro Assembler    Page 5 


[WEAK]
  166 00000018                 EXPORT           ADC_COMP_IRQHandler            
[WEAK]
  167 00000018                 EXPORT           TIM1_BRK_UP_TRG_COM_IRQHandler 
[WEAK]
  168 00000018                 EXPORT           TIM1_CC_IRQHandler             
[WEAK]
  169 00000018                 EXPORT           TIM2_IRQHandler                
[WEAK]
  170 00000018                 EXPORT           TIM3_IRQHandler                
[WEAK]
  171 00000018                 EXPORT           TIM14_IRQHandler               
[WEAK]
  172 00000018                 EXPORT           TIM16_IRQHandler               
[WEAK]
  173 00000018                 EXPORT           TIM17_IRQHandler               
[WEAK]
  174 00000018                 EXPORT           I2C1_IRQHandler                
[WEAK]
  175 00000018                 EXPORT           SPI1_IRQHandler                
[WEAK]
  176 00000018                 EXPORT           SPI2_IRQHandler                
[WEAK]
  177 00000018                 EXPORT           UART1_IRQHandler               
[WEAK]
  178 00000018                 EXPORT           UART2_IRQHandler               
[WEAK]
  179 00000018                 EXPORT           UART3_IRQHandler               
[WEAK]
  180 00000018                 EXPORT           FLEX_CAN_IRQHandler            
[WEAK]
  181 00000018         
  182 00000018         WWDG_IWDG_IRQHandler
  183 00000018         PVD_VDT_IRQHandler
  184 00000018         FLASH_IRQHandler
  185 00000018         RCC_IRQHandler
  186 00000018         EXTI0_1_IRQHandler
  187 00000018         EXTI2_3_IRQHandler
  188 00000018         EXTI4_15_IRQHandler
  189 00000018         HWDIV_IRQHandler
  190 00000018         DMA1_Channel1_IRQHandler
  191 00000018         DMA1_Channel2_3_IRQHandler
  192 00000018         DMA1_Channel4_5_IRQHandler
  193 00000018         ADC_COMP_IRQHandler
  194 00000018         TIM1_BRK_UP_TRG_COM_IRQHandler
  195 00000018         TIM1_CC_IRQHandler
  196 00000018         TIM2_IRQHandler
  197 00000018         TIM3_IRQHandler
  198 00000018         TIM14_IRQHandler
  199 00000018         TIM16_IRQHandler
  200 00000018         TIM17_IRQHandler
  201 00000018         I2C1_IRQHandler
  202 00000018         SPI1_IRQHandler
  203 00000018         SPI2_IRQHandler
  204 00000018         UART1_IRQHandler
  205 00000018         UART2_IRQHandler
  206 00000018         UART3_IRQHandler
  207 00000018         FLEX_CAN_IRQHandler
  208 00000018         



ARM Macro Assembler    Page 6 


  209 00000018 E7FE            B                .
  210 0000001A         
  211 0000001A                 ENDP
  212 0000001A         
  213 0000001A 00 00           ALIGN
  214 0000001C         
  215 0000001C         ;*******************************************************
                       ************************
  216 0000001C         ; User Stack and Heap initialization
  217 0000001C         ;*******************************************************
                       ************************
  218 0000001C                 IF               :DEF:__MICROLIB
  219 0000001C         
  220 0000001C                 EXPORT           __initial_sp
  221 0000001C                 EXPORT           __heap_base
  222 0000001C                 EXPORT           __heap_limit
  223 0000001C         
  224 0000001C                 ELSE
  239                          ENDIF
  240 0000001C                 END
              00000000 
              00000000 
              00000000 
Command Line: --debug --xref --diag_suppress=9931 --cpu=Cortex-M0 --apcs=interw
ork --depend=.\objects\startup_mm32f0140_keil.d -o.\objects\startup_mm32f0140_k
eil.o -I.\RTE\_Target_1 -ID:\Keil_v5\ARM\CMSIS\Include --predefine="__MICROLIB 
SETA 1" --predefine="__UVISION_VERSION SETA 524" --list=.\listings\startup_mm32
f0140_keil.lst ..\Device\MM32F0140\Source\KEIL_StartAsm\startup_mm32f0140_keil.
s



ARM Macro Assembler    Page 1 Alphabetic symbol ordering
Relocatable symbols

STACK 00000000

Symbol: STACK
   Definitions
      At line 28 in file ..\Device\MM32F0140\Source\KEIL_StartAsm\startup_mm32f
0140_keil.s
   Uses
      None
Comment: STACK unused
Stack_Mem 00000000

Symbol: Stack_Mem
   Definitions
      At line 29 in file ..\Device\MM32F0140\Source\KEIL_StartAsm\startup_mm32f
0140_keil.s
   Uses
      None
Comment: Stack_Mem unused
__initial_sp 00000400

Symbol: __initial_sp
   Definitions
      At line 30 in file ..\Device\MM32F0140\Source\KEIL_StartAsm\startup_mm32f
0140_keil.s
   Uses
      At line 54 in file ..\Device\MM32F0140\Source\KEIL_StartAsm\startup_mm32f
0140_keil.s
      At line 119 in file ..\Device\MM32F0140\Source\KEIL_StartAsm\startup_mm32
f0140_keil.s
      At line 220 in file ..\Device\MM32F0140\Source\KEIL_StartAsm\startup_mm32
f0140_keil.s

3 symbols



ARM Macro Assembler    Page 1 Alphabetic symbol ordering
Relocatable symbols

HEAP 00000000

Symbol: HEAP
   Definitions
      At line 39 in file ..\Device\MM32F0140\Source\KEIL_StartAsm\startup_mm32f
0140_keil.s
   Uses
      None
Comment: HEAP unused
Heap_Mem 00000000

Symbol: Heap_Mem
   Definitions
      At line 41 in file ..\Device\MM32F0140\Source\KEIL_StartAsm\startup_mm32f
0140_keil.s
   Uses
      None
Comment: Heap_Mem unused
__heap_base 00000000

Symbol: __heap_base
   Definitions
      At line 40 in file ..\Device\MM32F0140\Source\KEIL_StartAsm\startup_mm32f
0140_keil.s
   Uses
      At line 221 in file ..\Device\MM32F0140\Source\KEIL_StartAsm\startup_mm32
f0140_keil.s
Comment: __heap_base used once
__heap_limit 00000200

Symbol: __heap_limit
   Definitions
      At line 42 in file ..\Device\MM32F0140\Source\KEIL_StartAsm\startup_mm32f
0140_keil.s
   Uses
      At line 222 in file ..\Device\MM32F0140\Source\KEIL_StartAsm\startup_mm32
f0140_keil.s
Comment: __heap_limit used once
4 symbols



ARM Macro Assembler    Page 1 Alphabetic symbol ordering
Relocatable symbols

RESET 00000000

Symbol: RESET
   Definitions
      At line 49 in file ..\Device\MM32F0140\Source\KEIL_StartAsm\startup_mm32f
0140_keil.s
   Uses
      None
Comment: RESET unused
__Vectors 00000000

Symbol: __Vectors
   Definitions
      At line 54 in file ..\Device\MM32F0140\Source\KEIL_StartAsm\startup_mm32f
0140_keil.s
   Uses
      At line 50 in file ..\Device\MM32F0140\Source\KEIL_StartAsm\startup_mm32f
0140_keil.s
      At line 108 in file ..\Device\MM32F0140\Source\KEIL_StartAsm\startup_mm32
f0140_keil.s

__Vectors_End 000000C0

Symbol: __Vectors_End
   Definitions
      At line 107 in file ..\Device\MM32F0140\Source\KEIL_StartAsm\startup_mm32
f0140_keil.s
   Uses
      At line 51 in file ..\Device\MM32F0140\Source\KEIL_StartAsm\startup_mm32f
0140_keil.s
      At line 108 in file ..\Device\MM32F0140\Source\KEIL_StartAsm\startup_mm32
f0140_keil.s

__vector_table_0x1c 0000001C

Symbol: __vector_table_0x1c
   Definitions
      At line 61 in file ..\Device\MM32F0140\Source\KEIL_StartAsm\startup_mm32f
0140_keil.s
   Uses
      None
Comment: __vector_table_0x1c unused
4 symbols



ARM Macro Assembler    Page 1 Alphabetic symbol ordering
Relocatable symbols

.text 00000000

Symbol: .text
   Definitions
      At line 110 in file ..\Device\MM32F0140\Source\KEIL_StartAsm\startup_mm32
f0140_keil.s
   Uses
      None
Comment: .text unused
ADC_COMP_IRQHandler 00000018

Symbol: ADC_COMP_IRQHandler
   Definitions
      At line 193 in file ..\Device\MM32F0140\Source\KEIL_StartAsm\startup_mm32
f0140_keil.s
   Uses
      At line 85 in file ..\Device\MM32F0140\Source\KEIL_StartAsm\startup_mm32f
0140_keil.s
      At line 166 in file ..\Device\MM32F0140\Source\KEIL_StartAsm\startup_mm32
f0140_keil.s

ApplicationStart 00000006

Symbol: ApplicationStart
   Definitions
      At line 122 in file ..\Device\MM32F0140\Source\KEIL_StartAsm\startup_mm32
f0140_keil.s
   Uses
      None
Comment: ApplicationStart unused
DMA1_Channel1_IRQHandler 00000018

Symbol: DMA1_Channel1_IRQHandler
   Definitions
      At line 190 in file ..\Device\MM32F0140\Source\KEIL_StartAsm\startup_mm32
f0140_keil.s
   Uses
      At line 82 in file ..\Device\MM32F0140\Source\KEIL_StartAsm\startup_mm32f
0140_keil.s
      At line 163 in file ..\Device\MM32F0140\Source\KEIL_StartAsm\startup_mm32
f0140_keil.s

DMA1_Channel2_3_IRQHandler 00000018

Symbol: DMA1_Channel2_3_IRQHandler
   Definitions
      At line 191 in file ..\Device\MM32F0140\Source\KEIL_StartAsm\startup_mm32
f0140_keil.s
   Uses
      At line 83 in file ..\Device\MM32F0140\Source\KEIL_StartAsm\startup_mm32f
0140_keil.s
      At line 164 in file ..\Device\MM32F0140\Source\KEIL_StartAsm\startup_mm32
f0140_keil.s

DMA1_Channel4_5_IRQHandler 00000018

Symbol: DMA1_Channel4_5_IRQHandler
   Definitions
      At line 192 in file ..\Device\MM32F0140\Source\KEIL_StartAsm\startup_mm32



ARM Macro Assembler    Page 2 Alphabetic symbol ordering
Relocatable symbols

f0140_keil.s
   Uses
      At line 84 in file ..\Device\MM32F0140\Source\KEIL_StartAsm\startup_mm32f
0140_keil.s
      At line 165 in file ..\Device\MM32F0140\Source\KEIL_StartAsm\startup_mm32
f0140_keil.s

Default_Handler 00000018

Symbol: Default_Handler
   Definitions
      At line 153 in file ..\Device\MM32F0140\Source\KEIL_StartAsm\startup_mm32
f0140_keil.s
   Uses
      None
Comment: Default_Handler unused
EXTI0_1_IRQHandler 00000018

Symbol: EXTI0_1_IRQHandler
   Definitions
      At line 186 in file ..\Device\MM32F0140\Source\KEIL_StartAsm\startup_mm32
f0140_keil.s
   Uses
      At line 78 in file ..\Device\MM32F0140\Source\KEIL_StartAsm\startup_mm32f
0140_keil.s
      At line 159 in file ..\Device\MM32F0140\Source\KEIL_StartAsm\startup_mm32
f0140_keil.s

EXTI2_3_IRQHandler 00000018

Symbol: EXTI2_3_IRQHandler
   Definitions
      At line 187 in file ..\Device\MM32F0140\Source\KEIL_StartAsm\startup_mm32
f0140_keil.s
   Uses
      At line 79 in file ..\Device\MM32F0140\Source\KEIL_StartAsm\startup_mm32f
0140_keil.s
      At line 160 in file ..\Device\MM32F0140\Source\KEIL_StartAsm\startup_mm32
f0140_keil.s

EXTI4_15_IRQHandler 00000018

Symbol: EXTI4_15_IRQHandler
   Definitions
      At line 188 in file ..\Device\MM32F0140\Source\KEIL_StartAsm\startup_mm32
f0140_keil.s
   Uses
      At line 80 in file ..\Device\MM32F0140\Source\KEIL_StartAsm\startup_mm32f
0140_keil.s
      At line 161 in file ..\Device\MM32F0140\Source\KEIL_StartAsm\startup_mm32
f0140_keil.s

FLASH_IRQHandler 00000018

Symbol: FLASH_IRQHandler
   Definitions
      At line 184 in file ..\Device\MM32F0140\Source\KEIL_StartAsm\startup_mm32
f0140_keil.s
   Uses



ARM Macro Assembler    Page 3 Alphabetic symbol ordering
Relocatable symbols

      At line 76 in file ..\Device\MM32F0140\Source\KEIL_StartAsm\startup_mm32f
0140_keil.s
      At line 157 in file ..\Device\MM32F0140\Source\KEIL_StartAsm\startup_mm32
f0140_keil.s

FLEX_CAN_IRQHandler 00000018

Symbol: FLEX_CAN_IRQHandler
   Definitions
      At line 207 in file ..\Device\MM32F0140\Source\KEIL_StartAsm\startup_mm32
f0140_keil.s
   Uses
      At line 103 in file ..\Device\MM32F0140\Source\KEIL_StartAsm\startup_mm32
f0140_keil.s
      At line 180 in file ..\Device\MM32F0140\Source\KEIL_StartAsm\startup_mm32
f0140_keil.s

HWDIV_IRQHandler 00000018

Symbol: HWDIV_IRQHandler
   Definitions
      At line 189 in file ..\Device\MM32F0140\Source\KEIL_StartAsm\startup_mm32
f0140_keil.s
   Uses
      At line 81 in file ..\Device\MM32F0140\Source\KEIL_StartAsm\startup_mm32f
0140_keil.s
      At line 162 in file ..\Device\MM32F0140\Source\KEIL_StartAsm\startup_mm32
f0140_keil.s

HardFault_Handler 00000010

Symbol: HardFault_Handler
   Definitions
      At line 136 in file ..\Device\MM32F0140\Source\KEIL_StartAsm\startup_mm32
f0140_keil.s
   Uses
      At line 57 in file ..\Device\MM32F0140\Source\KEIL_StartAsm\startup_mm32f
0140_keil.s
      At line 137 in file ..\Device\MM32F0140\Source\KEIL_StartAsm\startup_mm32
f0140_keil.s

I2C1_IRQHandler 00000018

Symbol: I2C1_IRQHandler
   Definitions
      At line 201 in file ..\Device\MM32F0140\Source\KEIL_StartAsm\startup_mm32
f0140_keil.s
   Uses
      At line 96 in file ..\Device\MM32F0140\Source\KEIL_StartAsm\startup_mm32f
0140_keil.s
      At line 174 in file ..\Device\MM32F0140\Source\KEIL_StartAsm\startup_mm32
f0140_keil.s

NMI_Handler 0000000E

Symbol: NMI_Handler
   Definitions
      At line 131 in file ..\Device\MM32F0140\Source\KEIL_StartAsm\startup_mm32
f0140_keil.s



ARM Macro Assembler    Page 4 Alphabetic symbol ordering
Relocatable symbols

   Uses
      At line 56 in file ..\Device\MM32F0140\Source\KEIL_StartAsm\startup_mm32f
0140_keil.s
      At line 132 in file ..\Device\MM32F0140\Source\KEIL_StartAsm\startup_mm32
f0140_keil.s

PVD_VDT_IRQHandler 00000018

Symbol: PVD_VDT_IRQHandler
   Definitions
      At line 183 in file ..\Device\MM32F0140\Source\KEIL_StartAsm\startup_mm32
f0140_keil.s
   Uses
      At line 74 in file ..\Device\MM32F0140\Source\KEIL_StartAsm\startup_mm32f
0140_keil.s
      At line 156 in file ..\Device\MM32F0140\Source\KEIL_StartAsm\startup_mm32
f0140_keil.s

PendSV_Handler 00000014

Symbol: PendSV_Handler
   Definitions
      At line 144 in file ..\Device\MM32F0140\Source\KEIL_StartAsm\startup_mm32
f0140_keil.s
   Uses
      At line 69 in file ..\Device\MM32F0140\Source\KEIL_StartAsm\startup_mm32f
0140_keil.s
      At line 145 in file ..\Device\MM32F0140\Source\KEIL_StartAsm\startup_mm32
f0140_keil.s

RCC_IRQHandler 00000018

Symbol: RCC_IRQHandler
   Definitions
      At line 185 in file ..\Device\MM32F0140\Source\KEIL_StartAsm\startup_mm32
f0140_keil.s
   Uses
      At line 77 in file ..\Device\MM32F0140\Source\KEIL_StartAsm\startup_mm32f
0140_keil.s
      At line 158 in file ..\Device\MM32F0140\Source\KEIL_StartAsm\startup_mm32
f0140_keil.s

Reset_Handler 00000000

Symbol: Reset_Handler
   Definitions
      At line 113 in file ..\Device\MM32F0140\Source\KEIL_StartAsm\startup_mm32
f0140_keil.s
   Uses
      At line 55 in file ..\Device\MM32F0140\Source\KEIL_StartAsm\startup_mm32f
0140_keil.s
      At line 114 in file ..\Device\MM32F0140\Source\KEIL_StartAsm\startup_mm32
f0140_keil.s

SPI1_IRQHandler 00000018

Symbol: SPI1_IRQHandler
   Definitions
      At line 202 in file ..\Device\MM32F0140\Source\KEIL_StartAsm\startup_mm32



ARM Macro Assembler    Page 5 Alphabetic symbol ordering
Relocatable symbols

f0140_keil.s
   Uses
      At line 98 in file ..\Device\MM32F0140\Source\KEIL_StartAsm\startup_mm32f
0140_keil.s
      At line 175 in file ..\Device\MM32F0140\Source\KEIL_StartAsm\startup_mm32
f0140_keil.s

SPI2_IRQHandler 00000018

Symbol: SPI2_IRQHandler
   Definitions
      At line 203 in file ..\Device\MM32F0140\Source\KEIL_StartAsm\startup_mm32
f0140_keil.s
   Uses
      At line 99 in file ..\Device\MM32F0140\Source\KEIL_StartAsm\startup_mm32f
0140_keil.s
      At line 176 in file ..\Device\MM32F0140\Source\KEIL_StartAsm\startup_mm32
f0140_keil.s

SVC_Handler 00000012

Symbol: SVC_Handler
   Definitions
      At line 140 in file ..\Device\MM32F0140\Source\KEIL_StartAsm\startup_mm32
f0140_keil.s
   Uses
      At line 66 in file ..\Device\MM32F0140\Source\KEIL_StartAsm\startup_mm32f
0140_keil.s
      At line 141 in file ..\Device\MM32F0140\Source\KEIL_StartAsm\startup_mm32
f0140_keil.s

SysTick_Handler 00000016

Symbol: SysTick_Handler
   Definitions
      At line 148 in file ..\Device\MM32F0140\Source\KEIL_StartAsm\startup_mm32
f0140_keil.s
   Uses
      At line 70 in file ..\Device\MM32F0140\Source\KEIL_StartAsm\startup_mm32f
0140_keil.s
      At line 149 in file ..\Device\MM32F0140\Source\KEIL_StartAsm\startup_mm32
f0140_keil.s

TIM14_IRQHandler 00000018

Symbol: TIM14_IRQHandler
   Definitions
      At line 198 in file ..\Device\MM32F0140\Source\KEIL_StartAsm\startup_mm32
f0140_keil.s
   Uses
      At line 92 in file ..\Device\MM32F0140\Source\KEIL_StartAsm\startup_mm32f
0140_keil.s
      At line 171 in file ..\Device\MM32F0140\Source\KEIL_StartAsm\startup_mm32
f0140_keil.s

TIM16_IRQHandler 00000018

Symbol: TIM16_IRQHandler
   Definitions



ARM Macro Assembler    Page 6 Alphabetic symbol ordering
Relocatable symbols

      At line 199 in file ..\Device\MM32F0140\Source\KEIL_StartAsm\startup_mm32
f0140_keil.s
   Uses
      At line 94 in file ..\Device\MM32F0140\Source\KEIL_StartAsm\startup_mm32f
0140_keil.s
      At line 172 in file ..\Device\MM32F0140\Source\KEIL_StartAsm\startup_mm32
f0140_keil.s

TIM17_IRQHandler 00000018

Symbol: TIM17_IRQHandler
   Definitions
      At line 200 in file ..\Device\MM32F0140\Source\KEIL_StartAsm\startup_mm32
f0140_keil.s
   Uses
      At line 95 in file ..\Device\MM32F0140\Source\KEIL_StartAsm\startup_mm32f
0140_keil.s
      At line 173 in file ..\Device\MM32F0140\Source\KEIL_StartAsm\startup_mm32
f0140_keil.s

TIM1_BRK_UP_TRG_COM_IRQHandler 00000018

Symbol: TIM1_BRK_UP_TRG_COM_IRQHandler
   Definitions
      At line 194 in file ..\Device\MM32F0140\Source\KEIL_StartAsm\startup_mm32
f0140_keil.s
   Uses
      At line 86 in file ..\Device\MM32F0140\Source\KEIL_StartAsm\startup_mm32f
0140_keil.s
      At line 167 in file ..\Device\MM32F0140\Source\KEIL_StartAsm\startup_mm32
f0140_keil.s

TIM1_CC_IRQHandler 00000018

Symbol: TIM1_CC_IRQHandler
   Definitions
      At line 195 in file ..\Device\MM32F0140\Source\KEIL_StartAsm\startup_mm32
f0140_keil.s
   Uses
      At line 87 in file ..\Device\MM32F0140\Source\KEIL_StartAsm\startup_mm32f
0140_keil.s
      At line 168 in file ..\Device\MM32F0140\Source\KEIL_StartAsm\startup_mm32
f0140_keil.s

TIM2_IRQHandler 00000018

Symbol: TIM2_IRQHandler
   Definitions
      At line 196 in file ..\Device\MM32F0140\Source\KEIL_StartAsm\startup_mm32
f0140_keil.s
   Uses
      At line 88 in file ..\Device\MM32F0140\Source\KEIL_StartAsm\startup_mm32f
0140_keil.s
      At line 169 in file ..\Device\MM32F0140\Source\KEIL_StartAsm\startup_mm32
f0140_keil.s

TIM3_IRQHandler 00000018

Symbol: TIM3_IRQHandler



ARM Macro Assembler    Page 7 Alphabetic symbol ordering
Relocatable symbols

   Definitions
      At line 197 in file ..\Device\MM32F0140\Source\KEIL_StartAsm\startup_mm32
f0140_keil.s
   Uses
      At line 89 in file ..\Device\MM32F0140\Source\KEIL_StartAsm\startup_mm32f
0140_keil.s
      At line 170 in file ..\Device\MM32F0140\Source\KEIL_StartAsm\startup_mm32
f0140_keil.s

UART1_IRQHandler 00000018

Symbol: UART1_IRQHandler
   Definitions
      At line 204 in file ..\Device\MM32F0140\Source\KEIL_StartAsm\startup_mm32
f0140_keil.s
   Uses
      At line 100 in file ..\Device\MM32F0140\Source\KEIL_StartAsm\startup_mm32
f0140_keil.s
      At line 177 in file ..\Device\MM32F0140\Source\KEIL_StartAsm\startup_mm32
f0140_keil.s

UART2_IRQHandler 00000018

Symbol: UART2_IRQHandler
   Definitions
      At line 205 in file ..\Device\MM32F0140\Source\KEIL_StartAsm\startup_mm32
f0140_keil.s
   Uses
      At line 101 in file ..\Device\MM32F0140\Source\KEIL_StartAsm\startup_mm32
f0140_keil.s
      At line 178 in file ..\Device\MM32F0140\Source\KEIL_StartAsm\startup_mm32
f0140_keil.s

UART3_IRQHandler 00000018

Symbol: UART3_IRQHandler
   Definitions
      At line 206 in file ..\Device\MM32F0140\Source\KEIL_StartAsm\startup_mm32
f0140_keil.s
   Uses
      At line 102 in file ..\Device\MM32F0140\Source\KEIL_StartAsm\startup_mm32
f0140_keil.s
      At line 179 in file ..\Device\MM32F0140\Source\KEIL_StartAsm\startup_mm32
f0140_keil.s

WWDG_IWDG_IRQHandler 00000018

Symbol: WWDG_IWDG_IRQHandler
   Definitions
      At line 182 in file ..\Device\MM32F0140\Source\KEIL_StartAsm\startup_mm32
f0140_keil.s
   Uses
      At line 73 in file ..\Device\MM32F0140\Source\KEIL_StartAsm\startup_mm32f
0140_keil.s
      At line 155 in file ..\Device\MM32F0140\Source\KEIL_StartAsm\startup_mm32
f0140_keil.s

35 symbols



ARM Macro Assembler    Page 1 Alphabetic symbol ordering
Absolute symbols

Heap_Size 00000200

Symbol: Heap_Size
   Definitions
      At line 37 in file ..\Device\MM32F0140\Source\KEIL_StartAsm\startup_mm32f
0140_keil.s
   Uses
      At line 41 in file ..\Device\MM32F0140\Source\KEIL_StartAsm\startup_mm32f
0140_keil.s
Comment: Heap_Size used once
Stack_Size 00000400

Symbol: Stack_Size
   Definitions
      At line 26 in file ..\Device\MM32F0140\Source\KEIL_StartAsm\startup_mm32f
0140_keil.s
   Uses
      At line 29 in file ..\Device\MM32F0140\Source\KEIL_StartAsm\startup_mm32f
0140_keil.s
Comment: Stack_Size used once
__Vectors_Size 000000C0

Symbol: __Vectors_Size
   Definitions
      At line 108 in file ..\Device\MM32F0140\Source\KEIL_StartAsm\startup_mm32
f0140_keil.s
   Uses
      At line 52 in file ..\Device\MM32F0140\Source\KEIL_StartAsm\startup_mm32f
0140_keil.s
Comment: __Vectors_Size used once
3 symbols



ARM Macro Assembler    Page 1 Alphabetic symbol ordering
External symbols

SystemInit 00000000

Symbol: SystemInit
   Definitions
      At line 116 in file ..\Device\MM32F0140\Source\KEIL_StartAsm\startup_mm32
f0140_keil.s
   Uses
      At line 123 in file ..\Device\MM32F0140\Source\KEIL_StartAsm\startup_mm32
f0140_keil.s
Comment: SystemInit used once
__main 00000000

Symbol: __main
   Definitions
      At line 115 in file ..\Device\MM32F0140\Source\KEIL_StartAsm\startup_mm32
f0140_keil.s
   Uses
      At line 125 in file ..\Device\MM32F0140\Source\KEIL_StartAsm\startup_mm32
f0140_keil.s
Comment: __main used once
2 symbols
385 symbols in table
